<?xml version="1.0" encoding="UTF-8"?>
<!-- Generated by org.testng.reporters.JUnitReportReporter -->
<testsuite hostname="SwatiGupta12" name="TestNGSeleniumTest" tests="1" failures="0" timestamp="14 Dec 2014 12:00:15 GMT" time="6.407" errors="0">
  <testcase name="testFindElements" time="6.407" classname="TestNGSeleniumTest"/>
</testsuite> <!-- TestNGSeleniumTest -->
