<?xml version="1.0" encoding="UTF-8"?>
<!-- Generated by org.testng.reporters.JUnitReportReporter -->
<testsuite hostname="SwatiGupta12" name="TestNGSeleniumTest" tests="1" failures="0" timestamp="14 Dec 2014 11:59:23 GMT" time="8.250" errors="0">
  <testcase name="testFindElements" time="8.250" classname="TestNGSeleniumTest"/>
</testsuite> <!-- TestNGSeleniumTest -->
